[WARNING] Missing character: There is no ✓ (U+2713) (U+2713) in font [lmroman10-regular]:mapping=t
[WARNING] Missing character: There is no ✓ (U+2713) (U+2713) in font [lmroman10-regular]:mapping=t
[WARNING] Missing character: There is no ✓ (U+2713) (U+2713) in font [lmroman10-regular]:mapping=t
[WARNING] Missing character: There is no ✓ (U+2713) (U+2713) in font [lmroman10-regular]:mapping=t
[WARNING] Missing character: There is no ✓ (U+2713) (U+2713) in font [lmroman10-regular]:mapping=t
[WARNING] Missing character: There is no ✓ (U+2713) (U+2713) in font [lmroman10-regular]:mapping=t
[WARNING] Missing character: There is no ✓ (U+2713) (U+2713) in font [lmroman10-regular]:mapping=t
[WARNING] Missing character: There is no ✓ (U+2713) (U+2713) in font [lmroman10-regular]:mapping=t
[WARNING] Missing character: There is no ✓ (U+2713) (U+2713) in font [lmroman10-regular]:mapping=t
[WARNING] Missing character: There is no ✓ (U+2713) (U+2713) in font [lmroman10-regular]:mapping=t
[WARNING] Missing character: There is no ✓ (U+2713) (U+2713) in font [lmroman10-regular]:mapping=t
[WARNING] Missing character: There is no ✓ (U+2713) (U+2713) in font [lmroman10-regular]:mapping=t
[WARNING] Missing character: There is no 🛡 (U+1F6E1) (U+1F6E1) in font [lmroman12-bold]:mapping=tex
[WARNING] Missing character: There is no ️ (U+FE0F) (U+FE0F) in font [lmroman12-bold]:mapping=tex-
[WARNING] Missing character: There is no 🔒 (U+1F512) (U+1F512) in font [lmroman12-bold]:mapping=tex
[WARNING] Missing character: There is no 🚀 (U+1F680) (U+1F680) in font [lmroman10-regular]:mapping=
[WARNING] Missing character: There is no 📚 (U+1F4DA) (U+1F4DA) in font [lmroman12-bold]:mapping=tex
[WARNING] Missing character: There is no 🌐 (U+1F310) (U+1F310) in font [lmroman10-regular]:mapping=
[WARNING] Missing character: There is no 🔑 (U+1F511) (U+1F511) in font [lmroman10-regular]:mapping=
[WARNING] Missing character: There is no 🌐 (U+1F310) (U+1F310) in font [lmroman10-regular]:mapping=
[WARNING] Missing character: There is no 🔌 (U+1F50C) (U+1F50C) in font [lmroman10-regular]:mapping=
[WARNING] Missing character: There is no 🛡 (U+1F6E1) (U+1F6E1) in font [lmroman10-regular]:mapping=
[WARNING] Missing character: There is no ️ (U+FE0F) (U+FE0F) in font [lmroman10-regular]:mapping=t
[WARNING] Missing character: There is no 🌍 (U+1F30D) (U+1F30D) in font [lmroman10-regular]:mapping=
[WARNING] Missing character: There is no 🔍 (U+1F50D) (U+1F50D) in font [lmroman10-regular]:mapping=
[WARNING] Missing character: There is no 🚨 (U+1F6A8) (U+1F6A8) in font [lmroman10-regular]:mapping=
[WARNING] Missing character: There is no 🔥 (U+1F525) (U+1F525) in font [lmroman10-regular]:mapping=
[WARNING] Missing character: There is no ⚙ (U+2699) (U+2699) in font [lmroman10-regular]:mapping=t
[WARNING] Missing character: There is no ️ (U+FE0F) (U+FE0F) in font [lmroman10-regular]:mapping=t
[WARNING] Missing character: There is no 🔐 (U+1F510) (U+1F510) in font [lmroman10-regular]:mapping=
[WARNING] Missing character: There is no 🌟 (U+1F31F) (U+1F31F) in font [lmroman10-regular]:mapping=
[WARNING] Missing character: There is no 💡 (U+1F4A1) (U+1F4A1) in font [lmroman10-regular]:mapping=
[WARNING] Missing character: There is no 📝 (U+1F4DD) (U+1F4DD) in font [lmroman12-bold]:mapping=tex
[WARNING] Missing character: There is no 🤝 (U+1F91D) (U+1F91D) in font [lmroman12-bold]:mapping=tex
[WARNING] Missing character: There is no 🌟 (U+1F31F) (U+1F31F) in font [lmroman10-regular]:mapping=
[WARNING] Missing character: There is no 🚀 (U+1F680) (U+1F680) in font [lmroman12-bold]:mapping=tex
[WARNING] Missing character: There is no 👥 (U+1F465) (U+1F465) in font [lmroman10-regular]:mapping=
[WARNING] Missing character: There is no 💬 (U+1F4AC) (U+1F4AC) in font [lmroman10-regular]:mapping=
[WARNING] Missing character: There is no 🌐 (U+1F310) (U+1F310) in font [lmroman10-regular]:mapping=
[WARNING] Missing character: There is no 🔐 (U+1F510) (U+1F510) in font [lmroman10-regular]:mapping=
[WARNING] Missing character: There is no ● (U+25CF) (U+25CF) in font [lmroman10-regular]:mapping=t
[WARNING] Missing character: There is no ● (U+25CF) (U+25CF) in font [lmroman10-regular]:mapping=t
[WARNING] Missing character: There is no ● (U+25CF) (U+25CF) in font [lmroman10-regular]:mapping=t
[WARNING] Missing character: There is no ● (U+25CF) (U+25CF) in font [lmroman10-regular]:mapping=t
[WARNING] Missing character: There is no ● (U+25CF) (U+25CF) in font [lmroman10-regular]:mapping=t
[WARNING] Missing character: There is no ● (U+25CF) (U+25CF) in font [lmroman10-regular]:mapping=t
[WARNING] Missing character: There is no ● (U+25CF) (U+25CF) in font [lmroman10-regular]:mapping=t
[WARNING] Missing character: There is no ● (U+25CF) (U+25CF) in font [lmroman10-regular]:mapping=t
[WARNING] Missing character: There is no ● (U+25CF) (U+25CF) in font [lmroman10-regular]:mapping=t
[WARNING] Missing character: There is no ● (U+25CF) (U+25CF) in font [lmroman10-regular]:mapping=t
[WARNING] Missing character: There is no ● (U+25CF) (U+25CF) in font [lmroman10-regular]:mapping=t
[WARNING] Missing character: There is no ● (U+25CF) (U+25CF) in font [lmroman10-regular]:mapping=t
[WARNING] Missing character: There is no ● (U+25CF) (U+25CF) in font [lmroman10-regular]:mapping=t
[WARNING] Missing character: There is no ● (U+25CF) (U+25CF) in font [lmroman10-regular]:mapping=t
[WARNING] Missing character: There is no ● (U+25CF) (U+25CF) in font [lmroman10-regular]:mapping=t
[WARNING] Missing character: There is no ● (U+25CF) (U+25CF) in font [lmroman10-regular]:mapping=t
[WARNING] Missing character: There is no ● (U+25CF) (U+25CF) in font [lmroman10-regular]:mapping=t
[WARNING] Missing character: There is no ● (U+25CF) (U+25CF) in font [lmroman10-regular]:mapping=t
[WARNING] Missing character: There is no ● (U+25CF) (U+25CF) in font [lmroman10-regular]:mapping=t
[WARNING] Missing character: There is no ● (U+25CF) (U+25CF) in font [lmroman10-regular]:mapping=t
[WARNING] Missing character: There is no ● (U+25CF) (U+25CF) in font [lmroman10-regular]:mapping=t
