[WARNING] Could not convert image /private/var/folders/v8/r2qxccwx13q85lzdx71fvhpr0000gn/T/tex2pdf.-09aaa7d27db725ca/73064f375f78dcfd086118e94af2252a6d93e7a9.txt: Cannot load file
  Jpeg Invalid marker used
  PNG Invalid PNG file, signature broken
  Bitmap Invalid Bitmap magic identifier
  GIF Invalid Gif signature : Url pr
  HDR Invalid radiance file signature
  Tiff Invalid endian tag value
  TGA not enough bytes
Error producing PDF.
! LaTeX Error: Unknown graphics extension: .txt.

See the LaTeX manual or LaTeX Companion for explanation.
Type  H <return>  for immediate help.
 ...                                              
                                                  
l.176 ...f375f78dcfd086118e94af2252a6d93e7a9.txt}}

[WARNING] Could not convert image /private/var/folders/v8/r2qxccwx13q85lzdx71fvhpr0000gn/T/tex2pdf.-7e674061e6e8941a/73064f375f78dcfd086118e94af2252a6d93e7a9.txt: Cannot load file
  Jpeg Invalid marker used
  PNG Invalid PNG file, signature broken
  Bitmap Invalid Bitmap magic identifier
  GIF Invalid Gif signature : Url pr
  HDR Invalid radiance file signature
  Tiff Invalid endian tag value
  TGA not enough bytes
[WARNING] Could not convert image /private/var/folders/v8/r2qxccwx13q85lzdx71fvhpr0000gn/T/tex2pdf.-7e674061e6e8941a/73064f375f78dcfd086118e94af2252a6d93e7a9.txt: Cannot load file
  Jpeg Invalid marker used
  PNG Invalid PNG file, signature broken
  Bitmap Invalid Bitmap magic identifier
  GIF Invalid Gif signature : Url pr
  HDR Invalid radiance file signature
  Tiff Invalid endian tag value
  TGA not enough bytes
[WARNING] Could not convert image /private/var/folders/v8/r2qxccwx13q85lzdx71fvhpr0000gn/T/tex2pdf.-7e674061e6e8941a/73064f375f78dcfd086118e94af2252a6d93e7a9.txt: Cannot load file
  Jpeg Invalid marker used
  PNG Invalid PNG file, signature broken
  Bitmap Invalid Bitmap magic identifier
  GIF Invalid Gif signature : Url pr
  HDR Invalid radiance file signature
  Tiff Invalid endian tag value
  TGA not enough bytes
[WARNING] Could not convert image /private/var/folders/v8/r2qxccwx13q85lzdx71fvhpr0000gn/T/tex2pdf.-7e674061e6e8941a/73064f375f78dcfd086118e94af2252a6d93e7a9.txt: Cannot load file
  Jpeg Invalid marker used
  PNG Invalid PNG file, signature broken
  Bitmap Invalid Bitmap magic identifier
  GIF Invalid Gif signature : Url pr
  HDR Invalid radiance file signature
  Tiff Invalid endian tag value
  TGA not enough bytes
[WARNING] Could not convert image /private/var/folders/v8/r2qxccwx13q85lzdx71fvhpr0000gn/T/tex2pdf.-7e674061e6e8941a/73064f375f78dcfd086118e94af2252a6d93e7a9.txt: Cannot load file
  Jpeg Invalid marker used
  PNG Invalid PNG file, signature broken
  Bitmap Invalid Bitmap magic identifier
  GIF Invalid Gif signature : Url pr
  HDR Invalid radiance file signature
  Tiff Invalid endian tag value
  TGA not enough bytes
Error producing PDF.
! LaTeX Error: Unknown graphics extension: .txt.

See the LaTeX manual or LaTeX Companion for explanation.
Type  H <return>  for immediate help.
 ...                                              
                                                  
l.203 ...f375f78dcfd086118e94af2252a6d93e7a9.txt}}

[WARNING] Could not convert image /private/var/folders/v8/r2qxccwx13q85lzdx71fvhpr0000gn/T/tex2pdf.-517d97979e3b7aea/73064f375f78dcfd086118e94af2252a6d93e7a9.txt: Cannot load file
  Jpeg Invalid marker used
  PNG Invalid PNG file, signature broken
  Bitmap Invalid Bitmap magic identifier
  GIF Invalid Gif signature : Url pr
  HDR Invalid radiance file signature
  Tiff Invalid endian tag value
  TGA not enough bytes
Error producing PDF.
! LaTeX Error: Unknown graphics extension: .txt.

See the LaTeX manual or LaTeX Companion for explanation.
Type  H <return>  for immediate help.
 ...                                              
                                                  
l.102 ...f375f78dcfd086118e94af2252a6d93e7a9.txt}}

[WARNING] Could not convert image /private/var/folders/v8/r2qxccwx13q85lzdx71fvhpr0000gn/T/tex2pdf.-ffdc5536c34a8494/73064f375f78dcfd086118e94af2252a6d93e7a9.txt: Cannot load file
  Jpeg Invalid marker used
  PNG Invalid PNG file, signature broken
  Bitmap Invalid Bitmap magic identifier
  GIF Invalid Gif signature : Url pr
  HDR Invalid radiance file signature
  Tiff Invalid endian tag value
  TGA not enough bytes
Error producing PDF.
! LaTeX Error: Unknown graphics extension: .txt.

See the LaTeX manual or LaTeX Companion for explanation.
Type  H <return>  for immediate help.
 ...                                              
                                                  
l.92 ...4f375f78dcfd086118e94af2252a6d93e7a9.txt}}

[WARNING] Could not convert image /private/var/folders/v8/r2qxccwx13q85lzdx71fvhpr0000gn/T/tex2pdf.-07f2dd18475fe261/73064f375f78dcfd086118e94af2252a6d93e7a9.txt: Cannot load file
  Jpeg Invalid marker used
  PNG Invalid PNG file, signature broken
  Bitmap Invalid Bitmap magic identifier
  GIF Invalid Gif signature : Url pr
  HDR Invalid radiance file signature
  Tiff Invalid endian tag value
  TGA not enough bytes
Error producing PDF.
! LaTeX Error: Unknown graphics extension: .txt.

See the LaTeX manual or LaTeX Companion for explanation.
Type  H <return>  for immediate help.
 ...                                              
                                                  
l.86 ...4f375f78dcfd086118e94af2252a6d93e7a9.txt}}

[WARNING] Could not convert image /private/var/folders/v8/r2qxccwx13q85lzdx71fvhpr0000gn/T/tex2pdf.-d7ba45773cc69278/73064f375f78dcfd086118e94af2252a6d93e7a9.txt: Cannot load file
  Jpeg Invalid marker used
  PNG Invalid PNG file, signature broken
  Bitmap Invalid Bitmap magic identifier
  GIF Invalid Gif signature : Url pr
  HDR Invalid radiance file signature
  Tiff Invalid endian tag value
  TGA not enough bytes
Error producing PDF.
! LaTeX Error: Unknown graphics extension: .txt.

See the LaTeX manual or LaTeX Companion for explanation.
Type  H <return>  for immediate help.
 ...                                              
                                                  
l.88 ...4f375f78dcfd086118e94af2252a6d93e7a9.txt}}

[WARNING] Could not convert image /private/var/folders/v8/r2qxccwx13q85lzdx71fvhpr0000gn/T/tex2pdf.-eb05479e244506f8/73064f375f78dcfd086118e94af2252a6d93e7a9.txt: Cannot load file
  Jpeg Invalid marker used
  PNG Invalid PNG file, signature broken
  Bitmap Invalid Bitmap magic identifier
  GIF Invalid Gif signature : Url pr
  HDR Invalid radiance file signature
  Tiff Invalid endian tag value
  TGA not enough bytes
Error producing PDF.
! LaTeX Error: Unknown graphics extension: .txt.

See the LaTeX manual or LaTeX Companion for explanation.
Type  H <return>  for immediate help.
 ...                                              
                                                  
l.84 ...4f375f78dcfd086118e94af2252a6d93e7a9.txt}}

[WARNING] Could not convert image /private/var/folders/v8/r2qxccwx13q85lzdx71fvhpr0000gn/T/tex2pdf.-94d0b5e0941e3d06/73064f375f78dcfd086118e94af2252a6d93e7a9.txt: Cannot load file
  Jpeg Invalid marker used
  PNG Invalid PNG file, signature broken
  Bitmap Invalid Bitmap magic identifier
  GIF Invalid Gif signature : Url pr
  HDR Invalid radiance file signature
  Tiff Invalid endian tag value
  TGA not enough bytes
Error producing PDF.
! LaTeX Error: Unknown graphics extension: .txt.

See the LaTeX manual or LaTeX Companion for explanation.
Type  H <return>  for immediate help.
 ...                                              
                                                  
l.84 ...4f375f78dcfd086118e94af2252a6d93e7a9.txt}}

[WARNING] Could not convert image /private/var/folders/v8/r2qxccwx13q85lzdx71fvhpr0000gn/T/tex2pdf.-b38ad61b71e8842e/73064f375f78dcfd086118e94af2252a6d93e7a9.txt: Cannot load file
  Jpeg Invalid marker used
  PNG Invalid PNG file, signature broken
  Bitmap Invalid Bitmap magic identifier
  GIF Invalid Gif signature : Url pr
  HDR Invalid radiance file signature
  Tiff Invalid endian tag value
  TGA not enough bytes
Error producing PDF.
! LaTeX Error: Unknown graphics extension: .txt.

See the LaTeX manual or LaTeX Companion for explanation.
Type  H <return>  for immediate help.
 ...                                              
                                                  
l.635 ...f375f78dcfd086118e94af2252a6d93e7a9.txt}}

[WARNING] Could not convert image /private/var/folders/v8/r2qxccwx13q85lzdx71fvhpr0000gn/T/tex2pdf.-bc03320391ec93cc/73064f375f78dcfd086118e94af2252a6d93e7a9.txt: Cannot load file
  Jpeg Invalid marker used
  PNG Invalid PNG file, signature broken
  Bitmap Invalid Bitmap magic identifier
  GIF Invalid Gif signature : Url pr
  HDR Invalid radiance file signature
  Tiff Invalid endian tag value
  TGA not enough bytes
Error producing PDF.
! LaTeX Error: Unknown graphics extension: .txt.

See the LaTeX manual or LaTeX Companion for explanation.
Type  H <return>  for immediate help.
 ...                                              
                                                  
l.285 ...f375f78dcfd086118e94af2252a6d93e7a9.txt}}

[WARNING] Could not convert image /private/var/folders/v8/r2qxccwx13q85lzdx71fvhpr0000gn/T/tex2pdf.-de61a0e169e82acb/73064f375f78dcfd086118e94af2252a6d93e7a9.txt: Cannot load file
  Jpeg Invalid marker used
  PNG Invalid PNG file, signature broken
  Bitmap Invalid Bitmap magic identifier
  GIF Invalid Gif signature : Url pr
  HDR Invalid radiance file signature
  Tiff Invalid endian tag value
  TGA not enough bytes
[WARNING] Could not convert image /private/var/folders/v8/r2qxccwx13q85lzdx71fvhpr0000gn/T/tex2pdf.-de61a0e169e82acb/73064f375f78dcfd086118e94af2252a6d93e7a9.txt: Cannot load file
  Jpeg Invalid marker used
  PNG Invalid PNG file, signature broken
  Bitmap Invalid Bitmap magic identifier
  GIF Invalid Gif signature : Url pr
  HDR Invalid radiance file signature
  Tiff Invalid endian tag value
  TGA not enough bytes
[WARNING] Could not convert image /private/var/folders/v8/r2qxccwx13q85lzdx71fvhpr0000gn/T/tex2pdf.-de61a0e169e82acb/73064f375f78dcfd086118e94af2252a6d93e7a9.txt: Cannot load file
  Jpeg Invalid marker used
  PNG Invalid PNG file, signature broken
  Bitmap Invalid Bitmap magic identifier
  GIF Invalid Gif signature : Url pr
  HDR Invalid radiance file signature
  Tiff Invalid endian tag value
  TGA not enough bytes
[WARNING] Could not convert image /private/var/folders/v8/r2qxccwx13q85lzdx71fvhpr0000gn/T/tex2pdf.-de61a0e169e82acb/73064f375f78dcfd086118e94af2252a6d93e7a9.txt: Cannot load file
  Jpeg Invalid marker used
  PNG Invalid PNG file, signature broken
  Bitmap Invalid Bitmap magic identifier
  GIF Invalid Gif signature : Url pr
  HDR Invalid radiance file signature
  Tiff Invalid endian tag value
  TGA not enough bytes
[WARNING] Could not convert image /private/var/folders/v8/r2qxccwx13q85lzdx71fvhpr0000gn/T/tex2pdf.-de61a0e169e82acb/73064f375f78dcfd086118e94af2252a6d93e7a9.txt: Cannot load file
  Jpeg Invalid marker used
  PNG Invalid PNG file, signature broken
  Bitmap Invalid Bitmap magic identifier
  GIF Invalid Gif signature : Url pr
  HDR Invalid radiance file signature
  Tiff Invalid endian tag value
  TGA not enough bytes
[WARNING] Could not convert image /private/var/folders/v8/r2qxccwx13q85lzdx71fvhpr0000gn/T/tex2pdf.-de61a0e169e82acb/73064f375f78dcfd086118e94af2252a6d93e7a9.txt: Cannot load file
  Jpeg Invalid marker used
  PNG Invalid PNG file, signature broken
  Bitmap Invalid Bitmap magic identifier
  GIF Invalid Gif signature : Url pr
  HDR Invalid radiance file signature
  Tiff Invalid endian tag value
  TGA not enough bytes
Error producing PDF.
! LaTeX Error: Unknown graphics extension: .txt.

See the LaTeX manual or LaTeX Companion for explanation.
Type  H <return>  for immediate help.
 ...                                              
                                                  
l.282 ...f375f78dcfd086118e94af2252a6d93e7a9.txt}}

[WARNING] Could not convert image /private/var/folders/v8/r2qxccwx13q85lzdx71fvhpr0000gn/T/tex2pdf.-e954055e85e97901/73064f375f78dcfd086118e94af2252a6d93e7a9.txt: Cannot load file
  Jpeg Invalid marker used
  PNG Invalid PNG file, signature broken
  Bitmap Invalid Bitmap magic identifier
  GIF Invalid Gif signature : Url pr
  HDR Invalid radiance file signature
  Tiff Invalid endian tag value
  TGA not enough bytes
[WARNING] Could not convert image /private/var/folders/v8/r2qxccwx13q85lzdx71fvhpr0000gn/T/tex2pdf.-e954055e85e97901/73064f375f78dcfd086118e94af2252a6d93e7a9.txt: Cannot load file
  Jpeg Invalid marker used
  PNG Invalid PNG file, signature broken
  Bitmap Invalid Bitmap magic identifier
  GIF Invalid Gif signature : Url pr
  HDR Invalid radiance file signature
  Tiff Invalid endian tag value
  TGA not enough bytes
[WARNING] Could not convert image /private/var/folders/v8/r2qxccwx13q85lzdx71fvhpr0000gn/T/tex2pdf.-e954055e85e97901/73064f375f78dcfd086118e94af2252a6d93e7a9.txt: Cannot load file
  Jpeg Invalid marker used
  PNG Invalid PNG file, signature broken
  Bitmap Invalid Bitmap magic identifier
  GIF Invalid Gif signature : Url pr
  HDR Invalid radiance file signature
  Tiff Invalid endian tag value
  TGA not enough bytes
Error producing PDF.
! LaTeX Error: Unknown graphics extension: .txt.

See the LaTeX manual or LaTeX Companion for explanation.
Type  H <return>  for immediate help.
 ...                                              
                                                  
l.328 ...f375f78dcfd086118e94af2252a6d93e7a9.txt}}

[WARNING] Could not convert image /private/var/folders/v8/r2qxccwx13q85lzdx71fvhpr0000gn/T/tex2pdf.-30cecd41a7042359/73064f375f78dcfd086118e94af2252a6d93e7a9.txt: Cannot load file
  Jpeg Invalid marker used
  PNG Invalid PNG file, signature broken
  Bitmap Invalid Bitmap magic identifier
  GIF Invalid Gif signature : Url pr
  HDR Invalid radiance file signature
  Tiff Invalid endian tag value
  TGA not enough bytes
Error producing PDF.
! LaTeX Error: Unknown graphics extension: .txt.

See the LaTeX manual or LaTeX Companion for explanation.
Type  H <return>  for immediate help.
 ...                                              
                                                  
l.88 ...4f375f78dcfd086118e94af2252a6d93e7a9.txt}}

[WARNING] Could not convert image /private/var/folders/v8/r2qxccwx13q85lzdx71fvhpr0000gn/T/tex2pdf.-0a10bcd56fcb2a38/73064f375f78dcfd086118e94af2252a6d93e7a9.txt: Cannot load file
  Jpeg Invalid marker used
  PNG Invalid PNG file, signature broken
  Bitmap Invalid Bitmap magic identifier
  GIF Invalid Gif signature : Url pr
  HDR Invalid radiance file signature
  Tiff Invalid endian tag value
  TGA not enough bytes
Error producing PDF.
! LaTeX Error: Unknown graphics extension: .txt.

See the LaTeX manual or LaTeX Companion for explanation.
Type  H <return>  for immediate help.
 ...                                              
                                                  
l.82 ...4f375f78dcfd086118e94af2252a6d93e7a9.txt}}

[WARNING] Could not convert image /private/var/folders/v8/r2qxccwx13q85lzdx71fvhpr0000gn/T/tex2pdf.-66b8d7f1e34029c3/73064f375f78dcfd086118e94af2252a6d93e7a9.txt: Cannot load file
  Jpeg Invalid marker used
  PNG Invalid PNG file, signature broken
  Bitmap Invalid Bitmap magic identifier
  GIF Invalid Gif signature : Url pr
  HDR Invalid radiance file signature
  Tiff Invalid endian tag value
  TGA not enough bytes
Error producing PDF.
! LaTeX Error: Unknown graphics extension: .txt.

See the LaTeX manual or LaTeX Companion for explanation.
Type  H <return>  for immediate help.
 ...                                              
                                                  
l.71 ...4f375f78dcfd086118e94af2252a6d93e7a9.txt}}

[WARNING] Could not convert image /private/var/folders/v8/r2qxccwx13q85lzdx71fvhpr0000gn/T/tex2pdf.-abb2b61c3be2ee61/73064f375f78dcfd086118e94af2252a6d93e7a9.txt: Cannot load file
  Jpeg Invalid marker used
  PNG Invalid PNG file, signature broken
  Bitmap Invalid Bitmap magic identifier
  GIF Invalid Gif signature : Url pr
  HDR Invalid radiance file signature
  Tiff Invalid endian tag value
  TGA not enough bytes
Error producing PDF.
! LaTeX Error: Unknown graphics extension: .txt.

See the LaTeX manual or LaTeX Companion for explanation.
Type  H <return>  for immediate help.
 ...                                              
                                                  
l.85 ...4f375f78dcfd086118e94af2252a6d93e7a9.txt}}

[WARNING] Could not convert image /private/var/folders/v8/r2qxccwx13q85lzdx71fvhpr0000gn/T/tex2pdf.-c624ecddb9d395d6/73064f375f78dcfd086118e94af2252a6d93e7a9.txt: Cannot load file
  Jpeg Invalid marker used
  PNG Invalid PNG file, signature broken
  Bitmap Invalid Bitmap magic identifier
  GIF Invalid Gif signature : Url pr
  HDR Invalid radiance file signature
  Tiff Invalid endian tag value
  TGA not enough bytes
Error producing PDF.
! LaTeX Error: Unknown graphics extension: .txt.

See the LaTeX manual or LaTeX Companion for explanation.
Type  H <return>  for immediate help.
 ...                                              
                                                  
l.152 ...f375f78dcfd086118e94af2252a6d93e7a9.txt}}

[WARNING] Could not convert image /private/var/folders/v8/r2qxccwx13q85lzdx71fvhpr0000gn/T/tex2pdf.-0b2ae6c0d0ad38b0/73064f375f78dcfd086118e94af2252a6d93e7a9.txt: Cannot load file
  Jpeg Invalid marker used
  PNG Invalid PNG file, signature broken
  Bitmap Invalid Bitmap magic identifier
  GIF Invalid Gif signature : Url pr
  HDR Invalid radiance file signature
  Tiff Invalid endian tag value
  TGA not enough bytes
Error producing PDF.
! LaTeX Error: Unknown graphics extension: .txt.

See the LaTeX manual or LaTeX Companion for explanation.
Type  H <return>  for immediate help.
 ...                                              
                                                  
l.104 ...f375f78dcfd086118e94af2252a6d93e7a9.txt}}

[WARNING] Could not convert image /private/var/folders/v8/r2qxccwx13q85lzdx71fvhpr0000gn/T/tex2pdf.-4bc20c7e7659c60c/73064f375f78dcfd086118e94af2252a6d93e7a9.txt: Cannot load file
  Jpeg Invalid marker used
  PNG Invalid PNG file, signature broken
  Bitmap Invalid Bitmap magic identifier
  GIF Invalid Gif signature : Url pr
  HDR Invalid radiance file signature
  Tiff Invalid endian tag value
  TGA not enough bytes
Error producing PDF.
! LaTeX Error: Unknown graphics extension: .txt.

See the LaTeX manual or LaTeX Companion for explanation.
Type  H <return>  for immediate help.
 ...                                              
                                                  
l.84 ...4f375f78dcfd086118e94af2252a6d93e7a9.txt}}

[WARNING] Could not convert image /private/var/folders/v8/r2qxccwx13q85lzdx71fvhpr0000gn/T/tex2pdf.-b583e8916a06d759/73064f375f78dcfd086118e94af2252a6d93e7a9.txt: Cannot load file
  Jpeg Invalid marker used
  PNG Invalid PNG file, signature broken
  Bitmap Invalid Bitmap magic identifier
  GIF Invalid Gif signature : Url pr
  HDR Invalid radiance file signature
  Tiff Invalid endian tag value
  TGA not enough bytes
Error producing PDF.
! LaTeX Error: Unknown graphics extension: .txt.

See the LaTeX manual or LaTeX Companion for explanation.
Type  H <return>  for immediate help.
 ...                                              
                                                  
l.83 ...4f375f78dcfd086118e94af2252a6d93e7a9.txt}}

[WARNING] Could not convert image /private/var/folders/v8/r2qxccwx13q85lzdx71fvhpr0000gn/T/tex2pdf.-8af5915d4362d6a6/73064f375f78dcfd086118e94af2252a6d93e7a9.txt: Cannot load file
  Jpeg Invalid marker used
  PNG Invalid PNG file, signature broken
  Bitmap Invalid Bitmap magic identifier
  GIF Invalid Gif signature : Url pr
  HDR Invalid radiance file signature
  Tiff Invalid endian tag value
  TGA not enough bytes
[WARNING] Could not convert image /private/var/folders/v8/r2qxccwx13q85lzdx71fvhpr0000gn/T/tex2pdf.-8af5915d4362d6a6/73064f375f78dcfd086118e94af2252a6d93e7a9.txt: Cannot load file
  Jpeg Invalid marker used
  PNG Invalid PNG file, signature broken
  Bitmap Invalid Bitmap magic identifier
  GIF Invalid Gif signature : Url pr
  HDR Invalid radiance file signature
  Tiff Invalid endian tag value
  TGA not enough bytes
[WARNING] Could not convert image /private/var/folders/v8/r2qxccwx13q85lzdx71fvhpr0000gn/T/tex2pdf.-8af5915d4362d6a6/73064f375f78dcfd086118e94af2252a6d93e7a9.txt: Cannot load file
  Jpeg Invalid marker used
  PNG Invalid PNG file, signature broken
  Bitmap Invalid Bitmap magic identifier
  GIF Invalid Gif signature : Url pr
  HDR Invalid radiance file signature
  Tiff Invalid endian tag value
  TGA not enough bytes
Error producing PDF.
! LaTeX Error: Unknown graphics extension: .txt.

See the LaTeX manual or LaTeX Companion for explanation.
Type  H <return>  for immediate help.
 ...                                              
                                                  
l.264 ...f375f78dcfd086118e94af2252a6d93e7a9.txt}}

Error producing PDF.
! LaTeX Error: Unicode character ✓ (U+2713)
               not set up for use with LaTeX.

See the LaTeX manual or LaTeX Companion for explanation.
Type  H <return>  for immediate help.
 ...                                              
                                                  
l.240 Detects malicious activity & ✓

Error producing PDF.
! LaTeX Error: Unicode character 🛡 (U+1F6E1)
               not set up for use with LaTeX.

See the LaTeX manual or LaTeX Companion for explanation.
Type  H <return>  for immediate help.
 ...                                              
                                                  
l.55 🛡️🔒}

[WARNING] Could not convert image /private/var/folders/v8/r2qxccwx13q85lzdx71fvhpr0000gn/T/tex2pdf.-4f25cb42fb02e1f8/73064f375f78dcfd086118e94af2252a6d93e7a9.txt: Cannot load file
  Jpeg Invalid marker used
  PNG Invalid PNG file, signature broken
  Bitmap Invalid Bitmap magic identifier
  GIF Invalid Gif signature : Url pr
  HDR Invalid radiance file signature
  Tiff Invalid endian tag value
  TGA not enough bytes
Error producing PDF.
! LaTeX Error: Unknown graphics extension: .txt.

See the LaTeX manual or LaTeX Companion for explanation.
Type  H <return>  for immediate help.
 ...                                              
                                                  
l.262 ...f375f78dcfd086118e94af2252a6d93e7a9.txt}}

[WARNING] Could not convert image /private/var/folders/v8/r2qxccwx13q85lzdx71fvhpr0000gn/T/tex2pdf.-d52d51bdf0477baa/73064f375f78dcfd086118e94af2252a6d93e7a9.txt: Cannot load file
  Jpeg Invalid marker used
  PNG Invalid PNG file, signature broken
  Bitmap Invalid Bitmap magic identifier
  GIF Invalid Gif signature : Url pr
  HDR Invalid radiance file signature
  Tiff Invalid endian tag value
  TGA not enough bytes
Error producing PDF.
! LaTeX Error: Unknown graphics extension: .txt.

See the LaTeX manual or LaTeX Companion for explanation.
Type  H <return>  for immediate help.
 ...                                              
                                                  
l.471 ...f375f78dcfd086118e94af2252a6d93e7a9.txt}}

[WARNING] Could not convert image /private/var/folders/v8/r2qxccwx13q85lzdx71fvhpr0000gn/T/tex2pdf.-aee4e26827f47bfd/73064f375f78dcfd086118e94af2252a6d93e7a9.txt: Cannot load file
  Jpeg Invalid marker used
  PNG Invalid PNG file, signature broken
  Bitmap Invalid Bitmap magic identifier
  GIF Invalid Gif signature : Url pr
  HDR Invalid radiance file signature
  Tiff Invalid endian tag value
  TGA not enough bytes
Error producing PDF.
! LaTeX Error: Unknown graphics extension: .txt.

See the LaTeX manual or LaTeX Companion for explanation.
Type  H <return>  for immediate help.
 ...                                              
                                                  
l.71 ...4f375f78dcfd086118e94af2252a6d93e7a9.txt}}

[WARNING] Could not convert image /private/var/folders/v8/r2qxccwx13q85lzdx71fvhpr0000gn/T/tex2pdf.-d09165c3cd5c9eb2/73064f375f78dcfd086118e94af2252a6d93e7a9.txt: Cannot load file
  Jpeg Invalid marker used
  PNG Invalid PNG file, signature broken
  Bitmap Invalid Bitmap magic identifier
  GIF Invalid Gif signature : Url pr
  HDR Invalid radiance file signature
  Tiff Invalid endian tag value
  TGA not enough bytes
Error producing PDF.
! LaTeX Error: Unknown graphics extension: .txt.

See the LaTeX manual or LaTeX Companion for explanation.
Type  H <return>  for immediate help.
 ...                                              
                                                  
l.130 ...f375f78dcfd086118e94af2252a6d93e7a9.txt}}

Error producing PDF.
! LaTeX Error: Too deeply nested.

See the LaTeX manual or LaTeX Companion for explanation.
Type  H <return>  for immediate help.
 ...                                              
                                                  
l.112         \begin{itemize}

Unknown option -n.
Unknown option -a.
Unknown option -m.
Unknown option -e.
Unknown option - .
Unknown option -a.
Unknown option -n.
Try pandoc --help for more information.
Unknown option -m.
Try pandoc --help for more information.
[WARNING] Could not convert image /private/var/folders/v8/r2qxccwx13q85lzdx71fvhpr0000gn/T/tex2pdf.-8e197ab74db7fe69/73064f375f78dcfd086118e94af2252a6d93e7a9.txt: Cannot load file
  Jpeg Invalid marker used
  PNG Invalid PNG file, signature broken
  Bitmap Invalid Bitmap magic identifier
  GIF Invalid Gif signature : Url pr
  HDR Invalid radiance file signature
  Tiff Invalid endian tag value
  TGA not enough bytes
Error producing PDF.
! LaTeX Error: Unknown graphics extension: .txt.

See the LaTeX manual or LaTeX Companion for explanation.
Type  H <return>  for immediate help.
 ...                                              
                                                  
l.250 ...f375f78dcfd086118e94af2252a6d93e7a9.txt}}

[WARNING] Could not convert image /private/var/folders/v8/r2qxccwx13q85lzdx71fvhpr0000gn/T/tex2pdf.-6d9cb469cafa73b8/73064f375f78dcfd086118e94af2252a6d93e7a9.txt: Cannot load file
  Jpeg Invalid marker used
  PNG Invalid PNG file, signature broken
  Bitmap Invalid Bitmap magic identifier
  GIF Invalid Gif signature : Url pr
  HDR Invalid radiance file signature
  Tiff Invalid endian tag value
  TGA not enough bytes
Error producing PDF.
! LaTeX Error: Unknown graphics extension: .txt.

See the LaTeX manual or LaTeX Companion for explanation.
Type  H <return>  for immediate help.
 ...                                              
                                                  
l.114 ...f375f78dcfd086118e94af2252a6d93e7a9.txt}}

[WARNING] Could not convert image /private/var/folders/v8/r2qxccwx13q85lzdx71fvhpr0000gn/T/tex2pdf.-ea3530db4a825b76/73064f375f78dcfd086118e94af2252a6d93e7a9.txt: Cannot load file
  Jpeg Invalid marker used
  PNG Invalid PNG file, signature broken
  Bitmap Invalid Bitmap magic identifier
  GIF Invalid Gif signature : Url pr
  HDR Invalid radiance file signature
  Tiff Invalid endian tag value
  TGA not enough bytes
Error producing PDF.
! LaTeX Error: Unknown graphics extension: .txt.

See the LaTeX manual or LaTeX Companion for explanation.
Type  H <return>  for immediate help.
 ...                                              
                                                  
l.115 ...f375f78dcfd086118e94af2252a6d93e7a9.txt}}

[WARNING] Could not convert image /private/var/folders/v8/r2qxccwx13q85lzdx71fvhpr0000gn/T/tex2pdf.-3bad31c648761661/73064f375f78dcfd086118e94af2252a6d93e7a9.txt: Cannot load file
  Jpeg Invalid marker used
  PNG Invalid PNG file, signature broken
  Bitmap Invalid Bitmap magic identifier
  GIF Invalid Gif signature : Url pr
  HDR Invalid radiance file signature
  Tiff Invalid endian tag value
  TGA not enough bytes
Error producing PDF.
! LaTeX Error: Unknown graphics extension: .txt.

See the LaTeX manual or LaTeX Companion for explanation.
Type  H <return>  for immediate help.
 ...                                              
                                                  
l.115 ...f375f78dcfd086118e94af2252a6d93e7a9.txt}}

[WARNING] Could not convert image /private/var/folders/v8/r2qxccwx13q85lzdx71fvhpr0000gn/T/tex2pdf.-022ceb7831e91d85/73064f375f78dcfd086118e94af2252a6d93e7a9.txt: Cannot load file
  Jpeg Invalid marker used
  PNG Invalid PNG file, signature broken
  Bitmap Invalid Bitmap magic identifier
  GIF Invalid Gif signature : Url pr
  HDR Invalid radiance file signature
  Tiff Invalid endian tag value
  TGA not enough bytes
[WARNING] Could not convert image /private/var/folders/v8/r2qxccwx13q85lzdx71fvhpr0000gn/T/tex2pdf.-022ceb7831e91d85/73064f375f78dcfd086118e94af2252a6d93e7a9.txt: Cannot load file
  Jpeg Invalid marker used
  PNG Invalid PNG file, signature broken
  Bitmap Invalid Bitmap magic identifier
  GIF Invalid Gif signature : Url pr
  HDR Invalid radiance file signature
  Tiff Invalid endian tag value
  TGA not enough bytes
[WARNING] Could not convert image /private/var/folders/v8/r2qxccwx13q85lzdx71fvhpr0000gn/T/tex2pdf.-022ceb7831e91d85/73064f375f78dcfd086118e94af2252a6d93e7a9.txt: Cannot load file
  Jpeg Invalid marker used
  PNG Invalid PNG file, signature broken
  Bitmap Invalid Bitmap magic identifier
  GIF Invalid Gif signature : Url pr
  HDR Invalid radiance file signature
  Tiff Invalid endian tag value
  TGA not enough bytes
[WARNING] Could not convert image /private/var/folders/v8/r2qxccwx13q85lzdx71fvhpr0000gn/T/tex2pdf.-022ceb7831e91d85/73064f375f78dcfd086118e94af2252a6d93e7a9.txt: Cannot load file
  Jpeg Invalid marker used
  PNG Invalid PNG file, signature broken
  Bitmap Invalid Bitmap magic identifier
  GIF Invalid Gif signature : Url pr
  HDR Invalid radiance file signature
  Tiff Invalid endian tag value
  TGA not enough bytes
Error producing PDF.
! LaTeX Error: Unknown graphics extension: .txt.

See the LaTeX manual or LaTeX Companion for explanation.
Type  H <return>  for immediate help.
 ...                                              
                                                  
l.184 ...f375f78dcfd086118e94af2252a6d93e7a9.txt}}

[WARNING] Could not convert image /private/var/folders/v8/r2qxccwx13q85lzdx71fvhpr0000gn/T/tex2pdf.-416370b6aa847cdf/73064f375f78dcfd086118e94af2252a6d93e7a9.txt: Cannot load file
  Jpeg Invalid marker used
  PNG Invalid PNG file, signature broken
  Bitmap Invalid Bitmap magic identifier
  GIF Invalid Gif signature : Url pr
  HDR Invalid radiance file signature
  Tiff Invalid endian tag value
  TGA not enough bytes
[WARNING] Could not convert image /private/var/folders/v8/r2qxccwx13q85lzdx71fvhpr0000gn/T/tex2pdf.-416370b6aa847cdf/73064f375f78dcfd086118e94af2252a6d93e7a9.txt: Cannot load file
  Jpeg Invalid marker used
  PNG Invalid PNG file, signature broken
  Bitmap Invalid Bitmap magic identifier
  GIF Invalid Gif signature : Url pr
  HDR Invalid radiance file signature
  Tiff Invalid endian tag value
  TGA not enough bytes
[WARNING] Could not convert image /private/var/folders/v8/r2qxccwx13q85lzdx71fvhpr0000gn/T/tex2pdf.-416370b6aa847cdf/73064f375f78dcfd086118e94af2252a6d93e7a9.txt: Cannot load file
  Jpeg Invalid marker used
  PNG Invalid PNG file, signature broken
  Bitmap Invalid Bitmap magic identifier
  GIF Invalid Gif signature : Url pr
  HDR Invalid radiance file signature
  Tiff Invalid endian tag value
  TGA not enough bytes
[WARNING] Could not convert image /private/var/folders/v8/r2qxccwx13q85lzdx71fvhpr0000gn/T/tex2pdf.-416370b6aa847cdf/73064f375f78dcfd086118e94af2252a6d93e7a9.txt: Cannot load file
  Jpeg Invalid marker used
  PNG Invalid PNG file, signature broken
  Bitmap Invalid Bitmap magic identifier
  GIF Invalid Gif signature : Url pr
  HDR Invalid radiance file signature
  Tiff Invalid endian tag value
  TGA not enough bytes
[WARNING] Could not convert image /private/var/folders/v8/r2qxccwx13q85lzdx71fvhpr0000gn/T/tex2pdf.-416370b6aa847cdf/73064f375f78dcfd086118e94af2252a6d93e7a9.txt: Cannot load file
  Jpeg Invalid marker used
  PNG Invalid PNG file, signature broken
  Bitmap Invalid Bitmap magic identifier
  GIF Invalid Gif signature : Url pr
  HDR Invalid radiance file signature
  Tiff Invalid endian tag value
  TGA not enough bytes
[WARNING] Could not convert image /private/var/folders/v8/r2qxccwx13q85lzdx71fvhpr0000gn/T/tex2pdf.-416370b6aa847cdf/73064f375f78dcfd086118e94af2252a6d93e7a9.txt: Cannot load file
  Jpeg Invalid marker used
  PNG Invalid PNG file, signature broken
  Bitmap Invalid Bitmap magic identifier
  GIF Invalid Gif signature : Url pr
  HDR Invalid radiance file signature
  Tiff Invalid endian tag value
  TGA not enough bytes
[WARNING] Could not convert image /private/var/folders/v8/r2qxccwx13q85lzdx71fvhpr0000gn/T/tex2pdf.-416370b6aa847cdf/73064f375f78dcfd086118e94af2252a6d93e7a9.txt: Cannot load file
  Jpeg Invalid marker used
  PNG Invalid PNG file, signature broken
  Bitmap Invalid Bitmap magic identifier
  GIF Invalid Gif signature : Url pr
  HDR Invalid radiance file signature
  Tiff Invalid endian tag value
  TGA not enough bytes
Error producing PDF.
! LaTeX Error: Unknown graphics extension: .txt.

See the LaTeX manual or LaTeX Companion for explanation.
Type  H <return>  for immediate help.
 ...                                              
                                                  
l.411 ...f375f78dcfd086118e94af2252a6d93e7a9.txt}}

[WARNING] Could not convert image /private/var/folders/v8/r2qxccwx13q85lzdx71fvhpr0000gn/T/tex2pdf.-ebe77f519f534013/73064f375f78dcfd086118e94af2252a6d93e7a9.txt: Cannot load file
  Jpeg Invalid marker used
  PNG Invalid PNG file, signature broken
  Bitmap Invalid Bitmap magic identifier
  GIF Invalid Gif signature : Url pr
  HDR Invalid radiance file signature
  Tiff Invalid endian tag value
  TGA not enough bytes
Error producing PDF.
! LaTeX Error: Unknown graphics extension: .txt.

See the LaTeX manual or LaTeX Companion for explanation.
Type  H <return>  for immediate help.
 ...                                              
                                                  
l.145 ...f375f78dcfd086118e94af2252a6d93e7a9.txt}}

[WARNING] Could not convert image /private/var/folders/v8/r2qxccwx13q85lzdx71fvhpr0000gn/T/tex2pdf.-73754b8607576750/73064f375f78dcfd086118e94af2252a6d93e7a9.txt: Cannot load file
  Jpeg Invalid marker used
  PNG Invalid PNG file, signature broken
  Bitmap Invalid Bitmap magic identifier
  GIF Invalid Gif signature : Url pr
  HDR Invalid radiance file signature
  Tiff Invalid endian tag value
  TGA not enough bytes
[WARNING] Could not convert image /private/var/folders/v8/r2qxccwx13q85lzdx71fvhpr0000gn/T/tex2pdf.-73754b8607576750/73064f375f78dcfd086118e94af2252a6d93e7a9.txt: Cannot load file
  Jpeg Invalid marker used
  PNG Invalid PNG file, signature broken
  Bitmap Invalid Bitmap magic identifier
  GIF Invalid Gif signature : Url pr
  HDR Invalid radiance file signature
  Tiff Invalid endian tag value
  TGA not enough bytes
Error producing PDF.
! LaTeX Error: Unknown graphics extension: .txt.

See the LaTeX manual or LaTeX Companion for explanation.
Type  H <return>  for immediate help.
 ...                                              
                                                  
l.181 ...f375f78dcfd086118e94af2252a6d93e7a9.txt}}

[WARNING] Could not convert image /private/var/folders/v8/r2qxccwx13q85lzdx71fvhpr0000gn/T/tex2pdf.-695e2980cde8b0b9/73064f375f78dcfd086118e94af2252a6d93e7a9.txt: Cannot load file
  Jpeg Invalid marker used
  PNG Invalid PNG file, signature broken
  Bitmap Invalid Bitmap magic identifier
  GIF Invalid Gif signature : Url pr
  HDR Invalid radiance file signature
  Tiff Invalid endian tag value
  TGA not enough bytes
Error producing PDF.
! LaTeX Error: Unknown graphics extension: .txt.

See the LaTeX manual or LaTeX Companion for explanation.
Type  H <return>  for immediate help.
 ...                                              
                                                  
l.84 ...4f375f78dcfd086118e94af2252a6d93e7a9.txt}}

Error producing PDF.
! Undefined control sequence.
l.242 character. For example, \w

Error producing PDF.
! Undefined control sequence.
l.535 method is to use “\n

Error producing PDF.
! LaTeX Error: Unicode character ● (U+25CF)
               not set up for use with LaTeX.

See the LaTeX manual or LaTeX Companion for explanation.
Type  H <return>  for immediate help.
 ...                                              
                                                  
l.598 Human & \emph{Standard user}●

[WARNING] Could not convert image /private/var/folders/v8/r2qxccwx13q85lzdx71fvhpr0000gn/T/tex2pdf.-c175a4b14222c691/73064f375f78dcfd086118e94af2252a6d93e7a9.txt: Cannot load file
  Jpeg Invalid marker used
  PNG Invalid PNG file, signature broken
  Bitmap Invalid Bitmap magic identifier
  GIF Invalid Gif signature : Url pr
  HDR Invalid radiance file signature
  Tiff Invalid endian tag value
  TGA not enough bytes
[WARNING] Could not convert image /private/var/folders/v8/r2qxccwx13q85lzdx71fvhpr0000gn/T/tex2pdf.-c175a4b14222c691/73064f375f78dcfd086118e94af2252a6d93e7a9.txt: Cannot load file
  Jpeg Invalid marker used
  PNG Invalid PNG file, signature broken
  Bitmap Invalid Bitmap magic identifier
  GIF Invalid Gif signature : Url pr
  HDR Invalid radiance file signature
  Tiff Invalid endian tag value
  TGA not enough bytes
[WARNING] Could not convert image /private/var/folders/v8/r2qxccwx13q85lzdx71fvhpr0000gn/T/tex2pdf.-c175a4b14222c691/73064f375f78dcfd086118e94af2252a6d93e7a9.txt: Cannot load file
  Jpeg Invalid marker used
  PNG Invalid PNG file, signature broken
  Bitmap Invalid Bitmap magic identifier
  GIF Invalid Gif signature : Url pr
  HDR Invalid radiance file signature
  Tiff Invalid endian tag value
  TGA not enough bytes
Error producing PDF.
! LaTeX Error: Unknown graphics extension: .txt.

See the LaTeX manual or LaTeX Companion for explanation.
Type  H <return>  for immediate help.
 ...                                              
                                                  
l.175 ...f375f78dcfd086118e94af2252a6d93e7a9.txt}}

[WARNING] Could not convert image /private/var/folders/v8/r2qxccwx13q85lzdx71fvhpr0000gn/T/tex2pdf.-8cb3f4efd0194353/73064f375f78dcfd086118e94af2252a6d93e7a9.txt: Cannot load file
  Jpeg Invalid marker used
  PNG Invalid PNG file, signature broken
  Bitmap Invalid Bitmap magic identifier
  GIF Invalid Gif signature : Url pr
  HDR Invalid radiance file signature
  Tiff Invalid endian tag value
  TGA not enough bytes
Error producing PDF.
! LaTeX Error: Unknown graphics extension: .txt.

See the LaTeX manual or LaTeX Companion for explanation.
Type  H <return>  for immediate help.
 ...                                              
                                                  
l.471 ...f375f78dcfd086118e94af2252a6d93e7a9.txt}}

[WARNING] Could not convert image /private/var/folders/v8/r2qxccwx13q85lzdx71fvhpr0000gn/T/tex2pdf.-5862f4804e833db7/73064f375f78dcfd086118e94af2252a6d93e7a9.txt: Cannot load file
  Jpeg Invalid marker used
  PNG Invalid PNG file, signature broken
  Bitmap Invalid Bitmap magic identifier
  GIF Invalid Gif signature : Url pr
  HDR Invalid radiance file signature
  Tiff Invalid endian tag value
  TGA not enough bytes
[WARNING] Could not convert image /private/var/folders/v8/r2qxccwx13q85lzdx71fvhpr0000gn/T/tex2pdf.-5862f4804e833db7/73064f375f78dcfd086118e94af2252a6d93e7a9.txt: Cannot load file
  Jpeg Invalid marker used
  PNG Invalid PNG file, signature broken
  Bitmap Invalid Bitmap magic identifier
  GIF Invalid Gif signature : Url pr
  HDR Invalid radiance file signature
  Tiff Invalid endian tag value
  TGA not enough bytes
[WARNING] Could not convert image /private/var/folders/v8/r2qxccwx13q85lzdx71fvhpr0000gn/T/tex2pdf.-5862f4804e833db7/73064f375f78dcfd086118e94af2252a6d93e7a9.txt: Cannot load file
  Jpeg Invalid marker used
  PNG Invalid PNG file, signature broken
  Bitmap Invalid Bitmap magic identifier
  GIF Invalid Gif signature : Url pr
  HDR Invalid radiance file signature
  Tiff Invalid endian tag value
  TGA not enough bytes
Error producing PDF.
! LaTeX Error: Unknown graphics extension: .txt.

See the LaTeX manual or LaTeX Companion for explanation.
Type  H <return>  for immediate help.
 ...                                              
                                                  
l.166 ...f375f78dcfd086118e94af2252a6d93e7a9.txt}}

[WARNING] Could not convert image /private/var/folders/v8/r2qxccwx13q85lzdx71fvhpr0000gn/T/tex2pdf.-7ae1eef5e9ab005d/73064f375f78dcfd086118e94af2252a6d93e7a9.txt: Cannot load file
  Jpeg Invalid marker used
  PNG Invalid PNG file, signature broken
  Bitmap Invalid Bitmap magic identifier
  GIF Invalid Gif signature : Url pr
  HDR Invalid radiance file signature
  Tiff Invalid endian tag value
  TGA not enough bytes
Error producing PDF.
! LaTeX Error: Unknown graphics extension: .txt.

See the LaTeX manual or LaTeX Companion for explanation.
Type  H <return>  for immediate help.
 ...                                              
                                                  
l.131 ...f375f78dcfd086118e94af2252a6d93e7a9.txt}}

[WARNING] Could not convert image /private/var/folders/v8/r2qxccwx13q85lzdx71fvhpr0000gn/T/tex2pdf.-6be2fee1c8377103/73064f375f78dcfd086118e94af2252a6d93e7a9.txt: Cannot load file
  Jpeg Invalid marker used
  PNG Invalid PNG file, signature broken
  Bitmap Invalid Bitmap magic identifier
  GIF Invalid Gif signature : Url pr
  HDR Invalid radiance file signature
  Tiff Invalid endian tag value
  TGA not enough bytes
Error producing PDF.
! LaTeX Error: Unknown graphics extension: .txt.

See the LaTeX manual or LaTeX Companion for explanation.
Type  H <return>  for immediate help.
 ...                                              
                                                  
l.278 ...f375f78dcfd086118e94af2252a6d93e7a9.txt}}

[WARNING] Could not convert image /private/var/folders/v8/r2qxccwx13q85lzdx71fvhpr0000gn/T/tex2pdf.-3e4c39de27018a3f/73064f375f78dcfd086118e94af2252a6d93e7a9.txt: Cannot load file
  Jpeg Invalid marker used
  PNG Invalid PNG file, signature broken
  Bitmap Invalid Bitmap magic identifier
  GIF Invalid Gif signature : Url pr
  HDR Invalid radiance file signature
  Tiff Invalid endian tag value
  TGA not enough bytes
Error producing PDF.
! LaTeX Error: Unknown graphics extension: .txt.

See the LaTeX manual or LaTeX Companion for explanation.
Type  H <return>  for immediate help.
 ...                                              
                                                  
l.85 ...4f375f78dcfd086118e94af2252a6d93e7a9.txt}}

[WARNING] Could not convert image /private/var/folders/v8/r2qxccwx13q85lzdx71fvhpr0000gn/T/tex2pdf.-4e1a506f7880e5f2/73064f375f78dcfd086118e94af2252a6d93e7a9.txt: Cannot load file
  Jpeg Invalid marker used
  PNG Invalid PNG file, signature broken
  Bitmap Invalid Bitmap magic identifier
  GIF Invalid Gif signature : Url pr
  HDR Invalid radiance file signature
  Tiff Invalid endian tag value
  TGA not enough bytes
[WARNING] Could not convert image /private/var/folders/v8/r2qxccwx13q85lzdx71fvhpr0000gn/T/tex2pdf.-4e1a506f7880e5f2/73064f375f78dcfd086118e94af2252a6d93e7a9.txt: Cannot load file
  Jpeg Invalid marker used
  PNG Invalid PNG file, signature broken
  Bitmap Invalid Bitmap magic identifier
  GIF Invalid Gif signature : Url pr
  HDR Invalid radiance file signature
  Tiff Invalid endian tag value
  TGA not enough bytes
[WARNING] Could not convert image /private/var/folders/v8/r2qxccwx13q85lzdx71fvhpr0000gn/T/tex2pdf.-4e1a506f7880e5f2/73064f375f78dcfd086118e94af2252a6d93e7a9.txt: Cannot load file
  Jpeg Invalid marker used
  PNG Invalid PNG file, signature broken
  Bitmap Invalid Bitmap magic identifier
  GIF Invalid Gif signature : Url pr
  HDR Invalid radiance file signature
  Tiff Invalid endian tag value
  TGA not enough bytes
Error producing PDF.
! LaTeX Error: Unknown graphics extension: .txt.

See the LaTeX manual or LaTeX Companion for explanation.
Type  H <return>  for immediate help.
 ...                                              
                                                  
l.431 ...f375f78dcfd086118e94af2252a6d93e7a9.txt}}

[WARNING] Could not convert image /private/var/folders/v8/r2qxccwx13q85lzdx71fvhpr0000gn/T/tex2pdf.-da10c928cb5d6aa1/73064f375f78dcfd086118e94af2252a6d93e7a9.txt: Cannot load file
  Jpeg Invalid marker used
  PNG Invalid PNG file, signature broken
  Bitmap Invalid Bitmap magic identifier
  GIF Invalid Gif signature : Url pr
  HDR Invalid radiance file signature
  Tiff Invalid endian tag value
  TGA not enough bytes
[WARNING] Could not convert image /private/var/folders/v8/r2qxccwx13q85lzdx71fvhpr0000gn/T/tex2pdf.-da10c928cb5d6aa1/73064f375f78dcfd086118e94af2252a6d93e7a9.txt: Cannot load file
  Jpeg Invalid marker used
  PNG Invalid PNG file, signature broken
  Bitmap Invalid Bitmap magic identifier
  GIF Invalid Gif signature : Url pr
  HDR Invalid radiance file signature
  Tiff Invalid endian tag value
  TGA not enough bytes
[WARNING] Could not convert image /private/var/folders/v8/r2qxccwx13q85lzdx71fvhpr0000gn/T/tex2pdf.-da10c928cb5d6aa1/73064f375f78dcfd086118e94af2252a6d93e7a9.txt: Cannot load file
  Jpeg Invalid marker used
  PNG Invalid PNG file, signature broken
  Bitmap Invalid Bitmap magic identifier
  GIF Invalid Gif signature : Url pr
  HDR Invalid radiance file signature
  Tiff Invalid endian tag value
  TGA not enough bytes
[WARNING] Could not convert image /private/var/folders/v8/r2qxccwx13q85lzdx71fvhpr0000gn/T/tex2pdf.-da10c928cb5d6aa1/73064f375f78dcfd086118e94af2252a6d93e7a9.txt: Cannot load file
  Jpeg Invalid marker used
  PNG Invalid PNG file, signature broken
  Bitmap Invalid Bitmap magic identifier
  GIF Invalid Gif signature : Url pr
  HDR Invalid radiance file signature
  Tiff Invalid endian tag value
  TGA not enough bytes
[WARNING] Could not convert image /private/var/folders/v8/r2qxccwx13q85lzdx71fvhpr0000gn/T/tex2pdf.-da10c928cb5d6aa1/73064f375f78dcfd086118e94af2252a6d93e7a9.txt: Cannot load file
  Jpeg Invalid marker used
  PNG Invalid PNG file, signature broken
  Bitmap Invalid Bitmap magic identifier
  GIF Invalid Gif signature : Url pr
  HDR Invalid radiance file signature
  Tiff Invalid endian tag value
  TGA not enough bytes
Error producing PDF.
! LaTeX Error: Unknown graphics extension: .txt.

See the LaTeX manual or LaTeX Companion for explanation.
Type  H <return>  for immediate help.
 ...                                              
                                                  
l.209 ...f375f78dcfd086118e94af2252a6d93e7a9.txt}}

[WARNING] Could not convert image /private/var/folders/v8/r2qxccwx13q85lzdx71fvhpr0000gn/T/tex2pdf.-0d146490864abf56/73064f375f78dcfd086118e94af2252a6d93e7a9.txt: Cannot load file
  Jpeg Invalid marker used
  PNG Invalid PNG file, signature broken
  Bitmap Invalid Bitmap magic identifier
  GIF Invalid Gif signature : Url pr
  HDR Invalid radiance file signature
  Tiff Invalid endian tag value
  TGA not enough bytes
Error producing PDF.
! LaTeX Error: Unknown graphics extension: .txt.

See the LaTeX manual or LaTeX Companion for explanation.
Type  H <return>  for immediate help.
 ...                                              
                                                  
l.308 ...f375f78dcfd086118e94af2252a6d93e7a9.txt}}

[WARNING] Could not convert image /private/var/folders/v8/r2qxccwx13q85lzdx71fvhpr0000gn/T/tex2pdf.-738ae9dc0748f0bc/73064f375f78dcfd086118e94af2252a6d93e7a9.txt: Cannot load file
  Jpeg Invalid marker used
  PNG Invalid PNG file, signature broken
  Bitmap Invalid Bitmap magic identifier
  GIF Invalid Gif signature : Url pr
  HDR Invalid radiance file signature
  Tiff Invalid endian tag value
  TGA not enough bytes
Error producing PDF.
! LaTeX Error: Unknown graphics extension: .txt.

See the LaTeX manual or LaTeX Companion for explanation.
Type  H <return>  for immediate help.
 ...                                              
                                                  
l.194 ...f375f78dcfd086118e94af2252a6d93e7a9.txt}}

[WARNING] Could not convert image /private/var/folders/v8/r2qxccwx13q85lzdx71fvhpr0000gn/T/tex2pdf.-020b64b0dab931f3/73064f375f78dcfd086118e94af2252a6d93e7a9.txt: Cannot load file
  Jpeg Invalid marker used
  PNG Invalid PNG file, signature broken
  Bitmap Invalid Bitmap magic identifier
  GIF Invalid Gif signature : Url pr
  HDR Invalid radiance file signature
  Tiff Invalid endian tag value
  TGA not enough bytes
Error producing PDF.
! LaTeX Error: Unknown graphics extension: .txt.

See the LaTeX manual or LaTeX Companion for explanation.
Type  H <return>  for immediate help.
 ...                                              
                                                  
l.134 ...f375f78dcfd086118e94af2252a6d93e7a9.txt}}

[WARNING] Could not convert image /private/var/folders/v8/r2qxccwx13q85lzdx71fvhpr0000gn/T/tex2pdf.-3f38e9511c3f5d98/73064f375f78dcfd086118e94af2252a6d93e7a9.txt: Cannot load file
  Jpeg Invalid marker used
  PNG Invalid PNG file, signature broken
  Bitmap Invalid Bitmap magic identifier
  GIF Invalid Gif signature : Url pr
  HDR Invalid radiance file signature
  Tiff Invalid endian tag value
  TGA not enough bytes
Error producing PDF.
! LaTeX Error: Unknown graphics extension: .txt.

See the LaTeX manual or LaTeX Companion for explanation.
Type  H <return>  for immediate help.
 ...                                              
                                                  
l.290 ...f375f78dcfd086118e94af2252a6d93e7a9.txt}}

Error producing PDF.
! LaTeX Error: Too deeply nested.

See the LaTeX manual or LaTeX Companion for explanation.
Type  H <return>  for immediate help.
 ...                                              
                                                  
l.325         \begin{itemize}

Error producing PDF.
! LaTeX Error: Too deeply nested.

See the LaTeX manual or LaTeX Companion for explanation.
Type  H <return>  for immediate help.
 ...                                              
                                                  
l.121         \begin{itemize}

[WARNING] Could not convert image /private/var/folders/v8/r2qxccwx13q85lzdx71fvhpr0000gn/T/tex2pdf.-c14cb0de03103ba2/73064f375f78dcfd086118e94af2252a6d93e7a9.txt: Cannot load file
  Jpeg Invalid marker used
  PNG Invalid PNG file, signature broken
  Bitmap Invalid Bitmap magic identifier
  GIF Invalid Gif signature : Url pr
  HDR Invalid radiance file signature
  Tiff Invalid endian tag value
  TGA not enough bytes
Error producing PDF.
! LaTeX Error: Unknown graphics extension: .txt.

See the LaTeX manual or LaTeX Companion for explanation.
Type  H <return>  for immediate help.
 ...                                              
                                                  
l.87 ...4f375f78dcfd086118e94af2252a6d93e7a9.txt}}

[WARNING] Could not convert image /private/var/folders/v8/r2qxccwx13q85lzdx71fvhpr0000gn/T/tex2pdf.-cd084efc313e4777/73064f375f78dcfd086118e94af2252a6d93e7a9.txt: Cannot load file
  Jpeg Invalid marker used
  PNG Invalid PNG file, signature broken
  Bitmap Invalid Bitmap magic identifier
  GIF Invalid Gif signature : Url pr
  HDR Invalid radiance file signature
  Tiff Invalid endian tag value
  TGA not enough bytes
Error producing PDF.
! LaTeX Error: Unknown graphics extension: .txt.

See the LaTeX manual or LaTeX Companion for explanation.
Type  H <return>  for immediate help.
 ...                                              
                                                  
l.302 ...f375f78dcfd086118e94af2252a6d93e7a9.txt}}

